d:\study\vs工程\source\repos\irobot\irobot\irobotdll_forcsharp\irobotdll_forcsharp\x64\debug\irobotdll_forcsharp.pch
d:\study\vs工程\source\repos\irobot\irobot\irobotdll_forcsharp\irobotdll_forcsharp\x64\debug\vc141.pdb
d:\study\vs工程\source\repos\irobot\irobot\irobotdll_forcsharp\irobotdll_forcsharp\x64\debug\pch.obj
d:\study\vs工程\source\repos\irobot\irobot\irobotdll_forcsharp\irobotdll_forcsharp\x64\debug\irobotdll_forcsharp.obj
d:\study\vs工程\source\repos\irobot\irobot\irobotdll_forcsharp\irobotdll_forcsharp\x64\debug\assemblyinfo.obj
d:\study\vs工程\source\repos\irobot\irobot\irobotdll_forcsharp\irobotdll_forcsharp\x64\debug\.netframework,version=v4.6.1.assemblyattributes.obj
d:\study\vs工程\source\repos\irobot\irobot\irobotdll_forcsharp\irobotdll_forcsharp\x64\debug\.netframework,version=v4.6.1.assemblyattributes.asm
d:\study\vs工程\source\repos\irobot\irobot\irobotdll_forcsharp\x64\debug\irobotdll_forcsharp.lib
d:\study\vs工程\source\repos\irobot\irobot\irobotdll_forcsharp\x64\debug\irobotdll_forcsharp.exp
d:\study\vs工程\source\repos\irobot\irobot\irobotdll_forcsharp\x64\debug\irobotdll_forcsharp.dll
d:\study\vs工程\source\repos\irobot\irobot\irobotdll_forcsharp\x64\debug\irobotdll_forcsharp.pdb
d:\study\vs工程\source\repos\irobot\irobot\irobotdll_forcsharp\irobotdll_forcsharp\x64\debug\app.res
d:\study\vs工程\source\repos\irobot\irobot\irobotdll_forcsharp\irobotdll_forcsharp\x64\debug\irobotdl.eeafc404.tlog\cl.command.1.tlog
d:\study\vs工程\source\repos\irobot\irobot\irobotdll_forcsharp\irobotdll_forcsharp\x64\debug\irobotdl.eeafc404.tlog\cl.read.1.tlog
d:\study\vs工程\source\repos\irobot\irobot\irobotdll_forcsharp\irobotdll_forcsharp\x64\debug\irobotdl.eeafc404.tlog\cl.write.1.tlog
d:\study\vs工程\source\repos\irobot\irobot\irobotdll_forcsharp\irobotdll_forcsharp\x64\debug\irobotdl.eeafc404.tlog\irobotdll_forcsharp.write.1u.tlog
d:\study\vs工程\source\repos\irobot\irobot\irobotdll_forcsharp\irobotdll_forcsharp\x64\debug\irobotdl.eeafc404.tlog\link.command.1.tlog
d:\study\vs工程\source\repos\irobot\irobot\irobotdll_forcsharp\irobotdll_forcsharp\x64\debug\irobotdl.eeafc404.tlog\link.read.1.tlog
d:\study\vs工程\source\repos\irobot\irobot\irobotdll_forcsharp\irobotdll_forcsharp\x64\debug\irobotdl.eeafc404.tlog\link.write.1.tlog
d:\study\vs工程\source\repos\irobot\irobot\irobotdll_forcsharp\irobotdll_forcsharp\x64\debug\irobotdl.eeafc404.tlog\metagen.read.1.tlog
d:\study\vs工程\source\repos\irobot\irobot\irobotdll_forcsharp\irobotdll_forcsharp\x64\debug\irobotdl.eeafc404.tlog\metagen.write.1.tlog
d:\study\vs工程\source\repos\irobot\irobot\irobotdll_forcsharp\irobotdll_forcsharp\x64\debug\irobotdl.eeafc404.tlog\rc.command.1.tlog
d:\study\vs工程\source\repos\irobot\irobot\irobotdll_forcsharp\irobotdll_forcsharp\x64\debug\irobotdl.eeafc404.tlog\rc.read.1.tlog
d:\study\vs工程\source\repos\irobot\irobot\irobotdll_forcsharp\irobotdll_forcsharp\x64\debug\irobotdl.eeafc404.tlog\rc.write.1.tlog
